@!@!@STARTMSG 2262:0 @!@!@
TLC2 Version 2.16 of 31 December 2020 (rev: cdddf55)
@!@!@ENDMSG 2262 @!@!@
@!@!@STARTMSG 2187:0 @!@!@
Running breadth-first search Model-Checking with fp 111 and seed 5690303128429415224 with 8 workers on 16 cores with 2370MB heap and 5327MB offheap memory [pid: 3560] (Windows 10 10.0 amd64, AdoptOpenJDK 14.0.1 x86_64, OffHeapDiskFPSet, DiskStateQueue).
@!@!@ENDMSG 2187 @!@!@
@!@!@STARTMSG 2220:0 @!@!@
Starting SANY...
@!@!@ENDMSG 2220 @!@!@
Parsing file C:\Users\maksi\PycharmProjects\gun_people_detector_desktopapi\desktop_app\tla_specs\ReportSavingProtocol.toolbox\Model_5\MC.tla
Parsing file C:\Users\maksi\PycharmProjects\gun_people_detector_desktopapi\desktop_app\tla_specs\ReportSavingProtocol.toolbox\Model_5\ReportSavingProtocol.tla
Parsing file C:\Users\maksi\Desktop\TLAToolbox-1.7.1-win32.win32.x86_64\toolbox\plugins\org.lamport.tlatools_1.0.0.202012311918\tla2sany\StandardModules\TLC.tla
Parsing file C:\Users\maksi\Desktop\TLAToolbox-1.7.1-win32.win32.x86_64\toolbox\plugins\org.lamport.tlatools_1.0.0.202012311918\tla2sany\StandardModules\Naturals.tla
Parsing file C:\Users\maksi\Desktop\TLAToolbox-1.7.1-win32.win32.x86_64\toolbox\plugins\org.lamport.tlatools_1.0.0.202012311918\tla2sany\StandardModules\Sequences.tla
Parsing file C:\Users\maksi\Desktop\TLAToolbox-1.7.1-win32.win32.x86_64\toolbox\plugins\org.lamport.tlatools_1.0.0.202012311918\tla2sany\StandardModules\FiniteSets.tla
Semantic processing of module Naturals
Semantic processing of module Sequences
Semantic processing of module FiniteSets
Semantic processing of module TLC
Semantic processing of module ReportSavingProtocol
Semantic processing of module MC
@!@!@STARTMSG 2219:0 @!@!@
SANY finished.
@!@!@ENDMSG 2219 @!@!@
@!@!@STARTMSG 2185:0 @!@!@
Starting... (2026-06-14 14:45:18)
@!@!@ENDMSG 2185 @!@!@
@!@!@STARTMSG 2189:0 @!@!@
Computing initial states...
@!@!@ENDMSG 2189 @!@!@
@!@!@STARTMSG 2190:0 @!@!@
Finished computing initial states: 1 distinct state generated at 2026-06-14 14:45:18.
@!@!@ENDMSG 2190 @!@!@
@!@!@STARTMSG 2110:1 @!@!@
Invariant NoOrphanedReports is violated.
@!@!@ENDMSG 2110 @!@!@
@!@!@STARTMSG 2121:1 @!@!@
The behavior up to this point is:
@!@!@ENDMSG 2121 @!@!@
@!@!@STARTMSG 2217:4 @!@!@
1: <Initial predicate>
/\ protocol_done = FALSE
/\ dir_created = FALSE
/\ clips_cut = FALSE
/\ step = 0
/\ email_sent = FALSE
/\ error_occurred = FALSE
/\ json_saved = FALSE
/\ in_history_index = FALSE
/\ video_copied = FALSE

@!@!@ENDMSG 2217 @!@!@
@!@!@STARTMSG 2217:4 @!@!@
2: <Step1_CreateDir line 86, col 5 to line 92, col 50 of module ReportSavingProtocol>
/\ protocol_done = FALSE
/\ dir_created = TRUE
/\ clips_cut = FALSE
/\ step = 1
/\ email_sent = FALSE
/\ error_occurred = FALSE
/\ json_saved = FALSE
/\ in_history_index = FALSE
/\ video_copied = FALSE

@!@!@ENDMSG 2217 @!@!@
@!@!@STARTMSG 2217:4 @!@!@
3: <Step2_CopyVideo_Fail line 109, col 5 to line 117, col 61 of module ReportSavingProtocol>
/\ protocol_done = TRUE
/\ dir_created = TRUE
/\ clips_cut = FALSE
/\ step = 7
/\ email_sent = FALSE
/\ error_occurred = TRUE
/\ json_saved = FALSE
/\ in_history_index = FALSE
/\ video_copied = FALSE

@!@!@ENDMSG 2217 @!@!@
@!@!@STARTMSG 2201:0 @!@!@
The coverage statistics at 2026-06-14 14:45:18
@!@!@ENDMSG 2201 @!@!@
@!@!@STARTMSG 2773:0 @!@!@
<Init line 69, col 1 to line 69, col 4 of module ReportSavingProtocol>: 2:2
@!@!@ENDMSG 2773 @!@!@
@!@!@STARTMSG 2221:0 @!@!@
  line 70, col 5 to line 78, col 31 of module ReportSavingProtocol: 2
@!@!@ENDMSG 2221 @!@!@
@!@!@STARTMSG 2772:0 @!@!@
<Step1_CreateDir line 85, col 1 to line 85, col 15 of module ReportSavingProtocol>: 1:2
@!@!@ENDMSG 2772 @!@!@
@!@!@STARTMSG 2221:0 @!@!@
  line 86, col 8 to line 86, col 15 of module ReportSavingProtocol: 12
@!@!@ENDMSG 2221 @!@!@
@!@!@STARTMSG 2221:0 @!@!@
  |line 86, col 8 to line 86, col 11 of module ReportSavingProtocol: 10
@!@!@ENDMSG 2221 @!@!@
@!@!@STARTMSG 2221:0 @!@!@
  line 87, col 8 to line 87, col 21 of module ReportSavingProtocol: 4
@!@!@ENDMSG 2221 @!@!@
@!@!@STARTMSG 2221:0 @!@!@
  |line 87, col 9 to line 87, col 21 of module ReportSavingProtocol: 2
@!@!@ENDMSG 2221 @!@!@
@!@!@STARTMSG 2221:0 @!@!@
  line 88, col 8 to line 88, col 23 of module ReportSavingProtocol: 2
@!@!@ENDMSG 2221 @!@!@
@!@!@STARTMSG 2221:0 @!@!@
  line 89, col 8 to line 89, col 26 of module ReportSavingProtocol: 2
@!@!@ENDMSG 2221 @!@!@
@!@!@STARTMSG 2221:0 @!@!@
  line 90, col 8 to line 92, col 50 of module ReportSavingProtocol: 2
@!@!@ENDMSG 2221 @!@!@
@!@!@STARTMSG 2772:0 @!@!@
<Step2_CopyVideo_Success line 99, col 1 to line 99, col 23 of module ReportSavingProtocol>: 1:2
@!@!@ENDMSG 2772 @!@!@
@!@!@STARTMSG 2221:0 @!@!@
  line 100, col 8 to line 100, col 15 of module ReportSavingProtocol: 11
@!@!@ENDMSG 2221 @!@!@
@!@!@STARTMSG 2221:0 @!@!@
  |line 100, col 8 to line 100, col 11 of module ReportSavingProtocol: 9
@!@!@ENDMSG 2221 @!@!@
@!@!@STARTMSG 2221:0 @!@!@
  line 101, col 8 to line 101, col 21 of module ReportSavingProtocol: 4
@!@!@ENDMSG 2221 @!@!@
@!@!@STARTMSG 2221:0 @!@!@
  |line 101, col 9 to line 101, col 21 of module ReportSavingProtocol: 2
@!@!@ENDMSG 2221 @!@!@
@!@!@STARTMSG 2221:0 @!@!@
  line 102, col 8 to line 102, col 24 of module ReportSavingProtocol: 2
@!@!@ENDMSG 2221 @!@!@
@!@!@STARTMSG 2221:0 @!@!@
  line 103, col 8 to line 103, col 27 of module ReportSavingProtocol: 2
@!@!@ENDMSG 2221 @!@!@
@!@!@STARTMSG 2221:0 @!@!@
  line 104, col 8 to line 106, col 50 of module ReportSavingProtocol: 2
@!@!@ENDMSG 2221 @!@!@
@!@!@STARTMSG 2772:0 @!@!@
<Step2_CopyVideo_Fail line 108, col 1 to line 108, col 20 of module ReportSavingProtocol>: 1:2
@!@!@ENDMSG 2772 @!@!@
@!@!@STARTMSG 2221:0 @!@!@
  line 109, col 8 to line 109, col 15 of module ReportSavingProtocol: 10
@!@!@ENDMSG 2221 @!@!@
@!@!@STARTMSG 2221:0 @!@!@
  |line 109, col 8 to line 109, col 11 of module ReportSavingProtocol: 9
@!@!@ENDMSG 2221 @!@!@
@!@!@STARTMSG 2221:0 @!@!@
  line 110, col 8 to line 110, col 21 of module ReportSavingProtocol: 3
@!@!@ENDMSG 2221 @!@!@
@!@!@STARTMSG 2221:0 @!@!@
  |line 110, col 9 to line 110, col 21 of module ReportSavingProtocol: 2
@!@!@ENDMSG 2221 @!@!@
@!@!@STARTMSG 2221:0 @!@!@
  line 111, col 8 to line 111, col 29 of module ReportSavingProtocol: 1
@!@!@ENDMSG 2221 @!@!@
@!@!@STARTMSG 2221:0 @!@!@
  |line 111, col 26 to line 111, col 29 of module ReportSavingProtocol: 2
@!@!@ENDMSG 2221 @!@!@
@!@!@STARTMSG 2221:0 @!@!@
  line 112, col 8 to line 112, col 29 of module ReportSavingProtocol: 1
@!@!@ENDMSG 2221 @!@!@
@!@!@STARTMSG 2221:0 @!@!@
  |line 112, col 26 to line 112, col 29 of module ReportSavingProtocol: 2
@!@!@ENDMSG 2221 @!@!@
@!@!@STARTMSG 2221:0 @!@!@
  line 113, col 8 to line 113, col 26 of module ReportSavingProtocol: 1
@!@!@ENDMSG 2221 @!@!@
@!@!@STARTMSG 2221:0 @!@!@
  line 116, col 8 to line 117, col 61 of module ReportSavingProtocol: 1
@!@!@ENDMSG 2221 @!@!@
@!@!@STARTMSG 2772:0 @!@!@
<Step3_CutClips_Success line 124, col 1 to line 124, col 22 of module ReportSavingProtocol>: 1:1
@!@!@ENDMSG 2772 @!@!@
@!@!@STARTMSG 2221:0 @!@!@
  line 125, col 8 to line 125, col 15 of module ReportSavingProtocol: 8
@!@!@ENDMSG 2221 @!@!@
@!@!@STARTMSG 2221:0 @!@!@
  |line 125, col 8 to line 125, col 11 of module ReportSavingProtocol: 7
@!@!@ENDMSG 2221 @!@!@
@!@!@STARTMSG 2221:0 @!@!@
  line 126, col 8 to line 126, col 21 of module ReportSavingProtocol: 2
@!@!@ENDMSG 2221 @!@!@
@!@!@STARTMSG 2221:0 @!@!@
  |line 126, col 9 to line 126, col 21 of module ReportSavingProtocol: 1
@!@!@ENDMSG 2221 @!@!@
@!@!@STARTMSG 2221:0 @!@!@
  line 127, col 8 to line 127, col 22 of module ReportSavingProtocol: 1
@!@!@ENDMSG 2221 @!@!@
@!@!@STARTMSG 2221:0 @!@!@
  line 128, col 8 to line 128, col 25 of module ReportSavingProtocol: 1
@!@!@ENDMSG 2221 @!@!@
@!@!@STARTMSG 2221:0 @!@!@
  line 129, col 8 to line 131, col 50 of module ReportSavingProtocol: 1
@!@!@ENDMSG 2221 @!@!@
@!@!@STARTMSG 2772:0 @!@!@
<Step3_CutClips_Fail line 133, col 1 to line 133, col 19 of module ReportSavingProtocol>: 1:1
@!@!@ENDMSG 2772 @!@!@
@!@!@STARTMSG 2221:0 @!@!@
  line 134, col 8 to line 134, col 15 of module ReportSavingProtocol: 7
@!@!@ENDMSG 2221 @!@!@
@!@!@STARTMSG 2221:0 @!@!@
  line 135, col 8 to line 135, col 21 of module ReportSavingProtocol: 1
@!@!@ENDMSG 2221 @!@!@
@!@!@STARTMSG 2221:0 @!@!@
  line 136, col 8 to line 136, col 29 of module ReportSavingProtocol: 0
@!@!@ENDMSG 2221 @!@!@
@!@!@STARTMSG 2221:0 @!@!@
  |line 136, col 26 to line 136, col 29 of module ReportSavingProtocol: 1
@!@!@ENDMSG 2221 @!@!@
@!@!@STARTMSG 2221:0 @!@!@
  line 137, col 8 to line 137, col 29 of module ReportSavingProtocol: 0
@!@!@ENDMSG 2221 @!@!@
@!@!@STARTMSG 2221:0 @!@!@
  |line 137, col 26 to line 137, col 29 of module ReportSavingProtocol: 1
@!@!@ENDMSG 2221 @!@!@
@!@!@STARTMSG 2221:0 @!@!@
  line 138, col 8 to line 138, col 26 of module ReportSavingProtocol: 0
@!@!@ENDMSG 2221 @!@!@
@!@!@STARTMSG 2221:0 @!@!@
  line 140, col 8 to line 141, col 61 of module ReportSavingProtocol: 0
@!@!@ENDMSG 2221 @!@!@
@!@!@STARTMSG 2772:0 @!@!@
<Step4_SaveJson_Success line 148, col 1 to line 148, col 22 of module ReportSavingProtocol>: 1:1
@!@!@ENDMSG 2772 @!@!@
@!@!@STARTMSG 2221:0 @!@!@
  line 149, col 8 to line 149, col 15 of module ReportSavingProtocol: 7
@!@!@ENDMSG 2221 @!@!@
@!@!@STARTMSG 2221:0 @!@!@
  |line 149, col 8 to line 149, col 11 of module ReportSavingProtocol: 6
@!@!@ENDMSG 2221 @!@!@
@!@!@STARTMSG 2221:0 @!@!@
  line 150, col 8 to line 150, col 21 of module ReportSavingProtocol: 2
@!@!@ENDMSG 2221 @!@!@
@!@!@STARTMSG 2221:0 @!@!@
  |line 150, col 9 to line 150, col 21 of module ReportSavingProtocol: 1
@!@!@ENDMSG 2221 @!@!@
@!@!@STARTMSG 2221:0 @!@!@
  line 151, col 8 to line 151, col 23 of module ReportSavingProtocol: 1
@!@!@ENDMSG 2221 @!@!@
@!@!@STARTMSG 2221:0 @!@!@
  line 152, col 8 to line 152, col 26 of module ReportSavingProtocol: 1
@!@!@ENDMSG 2221 @!@!@
@!@!@STARTMSG 2221:0 @!@!@
  line 153, col 8 to line 155, col 50 of module ReportSavingProtocol: 1
@!@!@ENDMSG 2221 @!@!@
@!@!@STARTMSG 2772:0 @!@!@
<Step4_SaveJson_Fail line 157, col 1 to line 157, col 19 of module ReportSavingProtocol>: 1:1
@!@!@ENDMSG 2772 @!@!@
@!@!@STARTMSG 2221:0 @!@!@
  line 158, col 8 to line 158, col 15 of module ReportSavingProtocol: 6
@!@!@ENDMSG 2221 @!@!@
@!@!@STARTMSG 2221:0 @!@!@
  line 159, col 8 to line 159, col 21 of module ReportSavingProtocol: 1
@!@!@ENDMSG 2221 @!@!@
@!@!@STARTMSG 2221:0 @!@!@
  line 160, col 8 to line 160, col 29 of module ReportSavingProtocol: 0
@!@!@ENDMSG 2221 @!@!@
@!@!@STARTMSG 2221:0 @!@!@
  |line 160, col 26 to line 160, col 29 of module ReportSavingProtocol: 1
@!@!@ENDMSG 2221 @!@!@
@!@!@STARTMSG 2221:0 @!@!@
  line 161, col 8 to line 161, col 29 of module ReportSavingProtocol: 0
@!@!@ENDMSG 2221 @!@!@
@!@!@STARTMSG 2221:0 @!@!@
  |line 161, col 26 to line 161, col 29 of module ReportSavingProtocol: 1
@!@!@ENDMSG 2221 @!@!@
@!@!@STARTMSG 2221:0 @!@!@
  line 162, col 8 to line 162, col 26 of module ReportSavingProtocol: 0
@!@!@ENDMSG 2221 @!@!@
@!@!@STARTMSG 2221:0 @!@!@
  line 164, col 8 to line 165, col 61 of module ReportSavingProtocol: 0
@!@!@ENDMSG 2221 @!@!@
@!@!@STARTMSG 2772:0 @!@!@
<Step5_AppendHistory_Success line 172, col 1 to line 172, col 27 of module ReportSavingProtocol>: 1:1
@!@!@ENDMSG 2772 @!@!@
@!@!@STARTMSG 2221:0 @!@!@
  line 173, col 8 to line 173, col 15 of module ReportSavingProtocol: 6
@!@!@ENDMSG 2221 @!@!@
@!@!@STARTMSG 2221:0 @!@!@
  |line 173, col 8 to line 173, col 11 of module ReportSavingProtocol: 5
@!@!@ENDMSG 2221 @!@!@
@!@!@STARTMSG 2221:0 @!@!@
  line 174, col 8 to line 174, col 21 of module ReportSavingProtocol: 2
@!@!@ENDMSG 2221 @!@!@
@!@!@STARTMSG 2221:0 @!@!@
  |line 174, col 9 to line 174, col 21 of module ReportSavingProtocol: 1
@!@!@ENDMSG 2221 @!@!@
@!@!@STARTMSG 2221:0 @!@!@
  line 175, col 8 to line 175, col 29 of module ReportSavingProtocol: 1
@!@!@ENDMSG 2221 @!@!@
@!@!@STARTMSG 2221:0 @!@!@
  line 176, col 8 to line 176, col 32 of module ReportSavingProtocol: 1
@!@!@ENDMSG 2221 @!@!@
@!@!@STARTMSG 2221:0 @!@!@
  line 177, col 8 to line 179, col 50 of module ReportSavingProtocol: 1
@!@!@ENDMSG 2221 @!@!@
@!@!@STARTMSG 2772:0 @!@!@
<Step5_AppendHistory_Fail line 181, col 1 to line 181, col 24 of module ReportSavingProtocol>: 1:1
@!@!@ENDMSG 2772 @!@!@
@!@!@STARTMSG 2221:0 @!@!@
  line 182, col 8 to line 182, col 15 of module ReportSavingProtocol: 5
@!@!@ENDMSG 2221 @!@!@
@!@!@STARTMSG 2221:0 @!@!@
  line 183, col 8 to line 183, col 21 of module ReportSavingProtocol: 1
@!@!@ENDMSG 2221 @!@!@
@!@!@STARTMSG 2221:0 @!@!@
  line 184, col 8 to line 184, col 29 of module ReportSavingProtocol: 0
@!@!@ENDMSG 2221 @!@!@
@!@!@STARTMSG 2221:0 @!@!@
  |line 184, col 26 to line 184, col 29 of module ReportSavingProtocol: 1
@!@!@ENDMSG 2221 @!@!@
@!@!@STARTMSG 2221:0 @!@!@
  line 185, col 8 to line 185, col 29 of module ReportSavingProtocol: 0
@!@!@ENDMSG 2221 @!@!@
@!@!@STARTMSG 2221:0 @!@!@
  |line 185, col 26 to line 185, col 29 of module ReportSavingProtocol: 1
@!@!@ENDMSG 2221 @!@!@
@!@!@STARTMSG 2221:0 @!@!@
  line 186, col 8 to line 186, col 26 of module ReportSavingProtocol: 0
@!@!@ENDMSG 2221 @!@!@
@!@!@STARTMSG 2221:0 @!@!@
  line 190, col 8 to line 191, col 61 of module ReportSavingProtocol: 0
@!@!@ENDMSG 2221 @!@!@
@!@!@STARTMSG 2772:0 @!@!@
<Step6_SendEmail_Success line 198, col 1 to line 198, col 23 of module ReportSavingProtocol>: 1:1
@!@!@ENDMSG 2772 @!@!@
@!@!@STARTMSG 2221:0 @!@!@
  line 199, col 8 to line 199, col 15 of module ReportSavingProtocol: 5
@!@!@ENDMSG 2221 @!@!@
@!@!@STARTMSG 2221:0 @!@!@
  |line 199, col 8 to line 199, col 11 of module ReportSavingProtocol: 4
@!@!@ENDMSG 2221 @!@!@
@!@!@STARTMSG 2221:0 @!@!@
  line 200, col 8 to line 200, col 21 of module ReportSavingProtocol: 2
@!@!@ENDMSG 2221 @!@!@
@!@!@STARTMSG 2221:0 @!@!@
  |line 200, col 9 to line 200, col 21 of module ReportSavingProtocol: 1
@!@!@ENDMSG 2221 @!@!@
@!@!@STARTMSG 2221:0 @!@!@
  line 201, col 8 to line 201, col 24 of module ReportSavingProtocol: 1
@!@!@ENDMSG 2221 @!@!@
@!@!@STARTMSG 2221:0 @!@!@
  line 202, col 8 to line 202, col 27 of module ReportSavingProtocol: 1
@!@!@ENDMSG 2221 @!@!@
@!@!@STARTMSG 2221:0 @!@!@
  line 203, col 8 to line 203, col 28 of module ReportSavingProtocol: 1
@!@!@ENDMSG 2221 @!@!@
@!@!@STARTMSG 2221:0 @!@!@
  line 204, col 8 to line 205, col 65 of module ReportSavingProtocol: 1
@!@!@ENDMSG 2221 @!@!@
@!@!@STARTMSG 2772:0 @!@!@
<Step6_SendEmail_Fail line 207, col 1 to line 207, col 20 of module ReportSavingProtocol>: 1:1
@!@!@ENDMSG 2772 @!@!@
@!@!@STARTMSG 2221:0 @!@!@
  line 208, col 8 to line 208, col 15 of module ReportSavingProtocol: 5
@!@!@ENDMSG 2221 @!@!@
@!@!@STARTMSG 2221:0 @!@!@
  |line 208, col 8 to line 208, col 11 of module ReportSavingProtocol: 4
@!@!@ENDMSG 2221 @!@!@
@!@!@STARTMSG 2221:0 @!@!@
  line 209, col 8 to line 209, col 21 of module ReportSavingProtocol: 2
@!@!@ENDMSG 2221 @!@!@
@!@!@STARTMSG 2221:0 @!@!@
  |line 209, col 9 to line 209, col 21 of module ReportSavingProtocol: 1
@!@!@ENDMSG 2221 @!@!@
@!@!@STARTMSG 2221:0 @!@!@
  line 210, col 8 to line 210, col 29 of module ReportSavingProtocol: 1
@!@!@ENDMSG 2221 @!@!@
@!@!@STARTMSG 2221:0 @!@!@
  line 211, col 8 to line 211, col 29 of module ReportSavingProtocol: 1
@!@!@ENDMSG 2221 @!@!@
@!@!@STARTMSG 2221:0 @!@!@
  line 212, col 8 to line 212, col 26 of module ReportSavingProtocol: 1
@!@!@ENDMSG 2221 @!@!@
@!@!@STARTMSG 2221:0 @!@!@
  line 215, col 8 to line 216, col 61 of module ReportSavingProtocol: 1
@!@!@ENDMSG 2221 @!@!@
@!@!@STARTMSG 2774:0 @!@!@
<TypeInvariant line 58, col 1 to line 58, col 13 of module ReportSavingProtocol>
@!@!@ENDMSG 2774 @!@!@
@!@!@STARTMSG 2221:0 @!@!@
  line 59, col 5 to line 67, col 36 of module ReportSavingProtocol: 12
@!@!@ENDMSG 2221 @!@!@
@!@!@STARTMSG 2774:0 @!@!@
<IndexImpliesJson line 249, col 1 to line 249, col 16 of module ReportSavingProtocol>
@!@!@ENDMSG 2774 @!@!@
@!@!@STARTMSG 2221:0 @!@!@
  line 250, col 5 to line 250, col 34 of module ReportSavingProtocol: 12
@!@!@ENDMSG 2221 @!@!@
@!@!@STARTMSG 2221:0 @!@!@
  |line 250, col 5 to line 250, col 20 of module ReportSavingProtocol: 12
@!@!@ENDMSG 2221 @!@!@
@!@!@STARTMSG 2221:0 @!@!@
  |line 250, col 25 to line 250, col 34 of module ReportSavingProtocol: 3
@!@!@ENDMSG 2221 @!@!@
@!@!@STARTMSG 2774:0 @!@!@
<IndexImpliesDir line 254, col 1 to line 254, col 15 of module ReportSavingProtocol>
@!@!@ENDMSG 2774 @!@!@
@!@!@STARTMSG 2221:0 @!@!@
  line 255, col 5 to line 255, col 35 of module ReportSavingProtocol: 12
@!@!@ENDMSG 2221 @!@!@
@!@!@STARTMSG 2221:0 @!@!@
  |line 255, col 5 to line 255, col 20 of module ReportSavingProtocol: 12
@!@!@ENDMSG 2221 @!@!@
@!@!@STARTMSG 2221:0 @!@!@
  |line 255, col 25 to line 255, col 35 of module ReportSavingProtocol: 3
@!@!@ENDMSG 2221 @!@!@
@!@!@STARTMSG 2774:0 @!@!@
<EmailOnlyAfterHistory line 262, col 1 to line 262, col 21 of module ReportSavingProtocol>
@!@!@ENDMSG 2774 @!@!@
@!@!@STARTMSG 2221:0 @!@!@
  line 263, col 5 to line 263, col 34 of module ReportSavingProtocol: 12
@!@!@ENDMSG 2221 @!@!@
@!@!@STARTMSG 2221:0 @!@!@
  |line 263, col 5 to line 263, col 14 of module ReportSavingProtocol: 12
@!@!@ENDMSG 2221 @!@!@
@!@!@STARTMSG 2221:0 @!@!@
  |line 263, col 19 to line 263, col 34 of module ReportSavingProtocol: 1
@!@!@ENDMSG 2221 @!@!@
@!@!@STARTMSG 2774:0 @!@!@
<CompleteOrNothing line 275, col 1 to line 275, col 17 of module ReportSavingProtocol>
@!@!@ENDMSG 2774 @!@!@
@!@!@STARTMSG 2221:0 @!@!@
  line 276, col 5 to line 278, col 41 of module ReportSavingProtocol: 12
@!@!@ENDMSG 2221 @!@!@
@!@!@STARTMSG 2221:0 @!@!@
  |line 276, col 6 to line 276, col 37 of module ReportSavingProtocol: 12
@!@!@ENDMSG 2221 @!@!@
@!@!@STARTMSG 2221:0 @!@!@
  ||line 276, col 6 to line 276, col 18 of module ReportSavingProtocol: 12
@!@!@ENDMSG 2221 @!@!@
@!@!@STARTMSG 2221:0 @!@!@
  ||line 276, col 23 to line 276, col 37 of module ReportSavingProtocol: 6
@!@!@ENDMSG 2221 @!@!@
@!@!@STARTMSG 2221:0 @!@!@
  |line 277, col 10 to line 278, col 40 of module ReportSavingProtocol: 1
@!@!@ENDMSG 2221 @!@!@
@!@!@STARTMSG 2774:0 @!@!@
<NoOrphanedReports line 283, col 1 to line 283, col 17 of module ReportSavingProtocol>
@!@!@ENDMSG 2774 @!@!@
@!@!@STARTMSG 2221:0 @!@!@
  line 284, col 5 to line 284, col 73 of module ReportSavingProtocol: 12
@!@!@ENDMSG 2221 @!@!@
@!@!@STARTMSG 2221:0 @!@!@
  |line 284, col 5 to line 284, col 17 of module ReportSavingProtocol: 12
@!@!@ENDMSG 2221 @!@!@
@!@!@STARTMSG 2221:0 @!@!@
  |line 284, col 23 to line 284, col 72 of module ReportSavingProtocol: 6
@!@!@ENDMSG 2221 @!@!@
@!@!@STARTMSG 2221:0 @!@!@
  ||line 284, col 23 to line 284, col 33 of module ReportSavingProtocol: 6
@!@!@ENDMSG 2221 @!@!@
@!@!@STARTMSG 2221:0 @!@!@
  ||line 284, col 38 to line 284, col 72 of module ReportSavingProtocol: 6
@!@!@ENDMSG 2221 @!@!@
@!@!@STARTMSG 2221:0 @!@!@
  |||line 284, col 38 to line 284, col 53 of module ReportSavingProtocol: 6
@!@!@ENDMSG 2221 @!@!@
@!@!@STARTMSG 2221:0 @!@!@
  |||line 284, col 58 to line 284, col 72 of module ReportSavingProtocol: 4
@!@!@ENDMSG 2221 @!@!@
@!@!@STARTMSG 2774:0 @!@!@
<JsonBeforeIndex line 288, col 1 to line 288, col 15 of module ReportSavingProtocol>
@!@!@ENDMSG 2774 @!@!@
@!@!@STARTMSG 2221:0 @!@!@
  line 289, col 5 to line 289, col 34 of module ReportSavingProtocol: 8
@!@!@ENDMSG 2221 @!@!@
@!@!@STARTMSG 2221:0 @!@!@
  |line 289, col 5 to line 289, col 20 of module ReportSavingProtocol: 8
@!@!@ENDMSG 2221 @!@!@
@!@!@STARTMSG 2221:0 @!@!@
  |line 289, col 25 to line 289, col 34 of module ReportSavingProtocol: 3
@!@!@ENDMSG 2221 @!@!@
@!@!@STARTMSG 2774:0 @!@!@
<VideoBeforeClips line 292, col 1 to line 292, col 16 of module ReportSavingProtocol>
@!@!@ENDMSG 2774 @!@!@
@!@!@STARTMSG 2221:0 @!@!@
  line 293, col 5 to line 293, col 29 of module ReportSavingProtocol: 8
@!@!@ENDMSG 2221 @!@!@
@!@!@STARTMSG 2221:0 @!@!@
  |line 293, col 5 to line 293, col 13 of module ReportSavingProtocol: 8
@!@!@ENDMSG 2221 @!@!@
@!@!@STARTMSG 2221:0 @!@!@
  |line 293, col 18 to line 293, col 29 of module ReportSavingProtocol: 5
@!@!@ENDMSG 2221 @!@!@
@!@!@STARTMSG 2202:0 @!@!@
End of statistics.
@!@!@ENDMSG 2202 @!@!@
@!@!@STARTMSG 2200:0 @!@!@
Progress(7) at 2026-06-14 14:45:18: 12 states generated (961 s/min), 12 distinct states found (961 ds/min), 0 states left on queue.
@!@!@ENDMSG 2200 @!@!@
@!@!@STARTMSG 2199:0 @!@!@
12 states generated, 12 distinct states found, 0 states left on queue.
@!@!@ENDMSG 2199 @!@!@
@!@!@STARTMSG 2194:0 @!@!@
The depth of the complete state graph search is 7.
@!@!@ENDMSG 2194 @!@!@
@!@!@STARTMSG 2268:0 @!@!@
The average outdegree of the complete state graph is 1 (minimum is 0, the maximum 2 and the 95th percentile is 2).
@!@!@ENDMSG 2268 @!@!@
@!@!@STARTMSG 2186:0 @!@!@
Finished in 753ms at (2026-06-14 14:45:18)
@!@!@ENDMSG 2186 @!@!@
